This is pdfTeX, Version 3.14159265-2.6-1.40.18 (TeX Live 2017/MacPorts 2017_3) (preloaded format=pdflatex 2017.6.20)  29 MAR 2018 16:47
entering extended mode
 restricted \write18 enabled.
 %&-line parsing enabled.
**\nonstopmode \input{arithmetic-code.tex}
(./arithmetic-code.tex
(/opt/local/share/texmf-texlive/tex/latex/base/article.cls
Document Class: article 2014/09/29 v1.4h Standard LaTeX document class
(/opt/local/share/texmf-texlive/tex/latex/base/size10.clo
File: size10.clo 2014/09/29 v1.4h Standard LaTeX file (size option)
)
\c@part=\count79
\c@section=\count80
\c@subsection=\count81
\c@subsubsection=\count82
\c@paragraph=\count83
\c@subparagraph=\count84
\c@figure=\count85
\c@table=\count86
\abovecaptionskip=\skip41
\belowcaptionskip=\skip42
\bibindent=\dimen102
)
(/opt/local/share/texmf-texlive/tex/latex/amsmath/amstext.sty
Package: amstext 2000/06/29 v2.01 AMS text

(/opt/local/share/texmf-texlive/tex/latex/amsmath/amsgen.sty
File: amsgen.sty 1999/11/30 v2.0 generic functions
\@emptytoks=\toks14
\ex@=\dimen103
))
(/opt/local/share/texmf-texlive/tex/latex/amsfonts/amssymb.sty
Package: amssymb 2013/01/14 v3.01 AMS font symbols

(/opt/local/share/texmf-texlive/tex/latex/amsfonts/amsfonts.sty
Package: amsfonts 2013/01/14 v3.01 Basic AMSFonts support
\symAMSa=\mathgroup4
\symAMSb=\mathgroup5
LaTeX Font Info:    Overwriting math alphabet `\mathfrak' in version `bold'
(Font)                  U/euf/m/n --> U/euf/b/n on input line 106.
))
(/Users/pgh/Library/TeX/stmaryrd.sty
Package: stmaryrd 1994/03/03 St Mary's Road symbol package
\symstmry=\mathgroup6
LaTeX Font Info:    Overwriting symbol font `stmry' in version `bold'
(Font)                  U/stmry/m/n --> U/stmry/b/n on input line 89.
)
\lwidth=\skip43
\cwidth=\skip44
 (./arithmetic-code.aux)
\openout1 = `arithmetic-code.aux'.

LaTeX Font Info:    Checking defaults for OML/cmm/m/it on input line 60.
LaTeX Font Info:    ... okay on input line 60.
LaTeX Font Info:    Checking defaults for T1/cmr/m/n on input line 60.
LaTeX Font Info:    ... okay on input line 60.
LaTeX Font Info:    Checking defaults for OT1/cmr/m/n on input line 60.
LaTeX Font Info:    ... okay on input line 60.
LaTeX Font Info:    Checking defaults for OMS/cmsy/m/n on input line 60.
LaTeX Font Info:    ... okay on input line 60.
LaTeX Font Info:    Checking defaults for OMX/cmex/m/n on input line 60.
LaTeX Font Info:    ... okay on input line 60.
LaTeX Font Info:    Checking defaults for U/cmr/m/n on input line 60.
LaTeX Font Info:    ... okay on input line 60.
LaTeX Font Info:    Try loading font information for U+msa on input line 61.

(/opt/local/share/texmf-texlive/tex/latex/amsfonts/umsa.fd
File: umsa.fd 2013/01/14 v3.01 AMS symbols A
)
LaTeX Font Info:    Try loading font information for U+msb on input line 61.

(/opt/local/share/texmf-texlive/tex/latex/amsfonts/umsb.fd
File: umsb.fd 2013/01/14 v3.01 AMS symbols B
)
LaTeX Font Info:    Try loading font information for U+stmry on input line 61.

(/opt/local/share/texmf-texlive/tex/latex/stmaryrd/Ustmry.fd)

LaTeX Warning: No \author given.

[1

{/opt/local/var/db/texmf/fonts/map/pdftex/updmap/pdftex.map}]
LaTeX Font Info:    Try loading font information for OMS+cmr on input line 118.


(/opt/local/share/texmf-texlive/tex/latex/base/omscmr.fd
File: omscmr.fd 2014/09/29 v2.5h Standard LaTeX font definitions
)
LaTeX Font Info:    Font shape `OMS/cmr/m/n' in size <10> not available
(Font)              Font shape `OMS/cmsy/m/n' tried instead on input line 118.
 [2] [3] [4] [5]
[6] [7] [8] [9] [10] [11]
Overfull \hbox (2.00053pt too wide) in paragraph at lines 704--708
[]\OT1/cmr/m/n/10 Here are some ex-am-ples in the list of pre-de-fined con-stan
ts in Ses-toft's Lambda
 []


Overfull \hbox (87.27873pt too wide) in paragraph at lines 704--708
\OT1/cmr/m/n/10 cal-cu-lus re-duc-tion work-bench at http://raspi.itu.dk/cgi-bi
n/lamreduce?action=print+abbreviations 
 []


Overfull \hbox (6.48192pt too wide) in paragraph at lines 728--732
\OT1/cmr/m/n/10 Closely re-lated to pair-ing is the Curry com-bi-na-tor, which 
sat-is-fies $\OT1/cmr/m/it/10 f \OMS/cmsy/m/n/10 ^ [] \OT1/cmr/m/it/10 x y []
 []

[12] [13] [14] [15] [16] (./arithmetic-code.aux) ) 
Here is how much of TeX's memory you used:
 798 strings out of 493515
 9269 string characters out of 6145760
 64455 words of memory out of 5000000
 4220 multiletter control sequences out of 15000+600000
 14894 words of font info for 59 fonts, out of 8000000 for 9000
 891 hyphenation exceptions out of 8191
 26i,11n,26p,724b,197s stack positions out of 5000i,500n,10000p,200000b,80000s
</opt/local/share/texmf-texli
ve/fonts/type1/public/amsfonts/cm/cmbx10.pfb></opt/local/share/texmf-texlive/fo
nts/type1/public/amsfonts/cm/cmbx12.pfb></opt/local/share/texmf-texlive/fonts/t
ype1/public/amsfonts/cm/cmmi10.pfb></opt/local/share/texmf-texlive/fonts/type1/
public/amsfonts/cm/cmmi7.pfb></opt/local/share/texmf-texlive/fonts/type1/public
/amsfonts/cm/cmr10.pfb></opt/local/share/texmf-texlive/fonts/type1/public/amsfo
nts/cm/cmr12.pfb></opt/local/share/texmf-texlive/fonts/type1/public/amsfonts/cm
/cmr17.pfb></opt/local/share/texmf-texlive/fonts/type1/public/amsfonts/cm/cmsy1
0.pfb></opt/local/share/texmf-texlive/fonts/type1/public/amsfonts/cm/cmsy5.pfb>
</opt/local/share/texmf-texlive/fonts/type1/public/amsfonts/cm/cmsy7.pfb></opt/
local/share/texmf-texlive/fonts/type1/public/amsfonts/cm/cmti10.pfb></opt/local
/share/texmf-texlive/fonts/type1/public/amsfonts/cm/cmtt10.pfb>
Output written on arithmetic-code.pdf (16 pages, 188742 bytes).
PDF statistics:
 104 PDF objects out of 1000 (max. 8388607)
 73 compressed objects within 1 object stream
 0 named destinations out of 1000 (max. 500000)
 1 words of extra memory for PDF output out of 10000 (max. 10000000)

